<?xml version="1.0" encoding="UTF-8"?>
<testng-results ignored="0" total="8" passed="7" failed="1" skipped="0">
  <reporter-output>
  </reporter-output>
  <suite started-at="2024-06-07T18:38:25 IST" name="Suite" finished-at="2024-06-07T18:43:42 IST" duration-ms="317010">
    <groups>
      <group name="cucumber">
        <method signature="AbstractTestNGCucumberTests.runScenario(io.cucumber.testng.PickleWrapper,io.cucumber.testng.FeatureWrapper)[pri:0, instance:cucumberOptions.CucumberTestNGRunner@4985cbcb]" name="runScenario" class="io.cucumber.testng.AbstractTestNGCucumberTests"/>
      </group> <!-- cucumber -->
    </groups>
    <test started-at="2024-06-07T18:38:25 IST" name="Test1" finished-at="2024-06-07T18:43:42 IST" duration-ms="317010">
      <class name="cucumberOptions.CucumberTestNGRunner">
        <test-method is-config="true" signature="setUpClass(org.testng.ITestContext)[pri:0, instance:cucumberOptions.CucumberTestNGRunner@4985cbcb]" started-at="2024-06-07T18:38:25 IST" name="setUpClass" finished-at="2024-06-07T18:38:26 IST" duration-ms="725" status="PASS">
          <params>
            <param index="0">
              <value>
                <![CDATA[org.testng.TestRunner@44428583]]>
              </value>
            </param>
          </params>
          <reporter-output>
          </reporter-output>
        </test-method> <!-- setUpClass -->
        <test-method is-config="true" signature="setUp()[pri:0, instance:cucumberOptions.CucumberTestNGRunner@4985cbcb]" started-at="2024-06-07T18:38:26 IST" name="setUp" finished-at="2024-06-07T18:39:26 IST" duration-ms="60051" status="PASS">
          <reporter-output>
          </reporter-output>
        </test-method> <!-- setUp -->
        <test-method signature="runScenario(io.cucumber.testng.PickleWrapper,io.cucumber.testng.FeatureWrapper)[pri:0, instance:cucumberOptions.CucumberTestNGRunner@4985cbcb]" started-at="2024-06-07T18:39:26 IST" name="runScenario" description="Runs Cucumber Scenarios" data-provider="scenarios" finished-at="2024-06-07T18:40:31 IST" duration-ms="65249" status="PASS">
          <params>
            <param index="0">
              <value>
                <![CDATA["To validate that fade in animation page is displayed"]]>
              </value>
            </param>
            <param index="1">
              <value>
                <![CDATA["Animation sub menu feature"]]>
              </value>
            </param>
          </params>
          <reporter-output>
          </reporter-output>
        </test-method> <!-- runScenario -->
        <test-method signature="runScenario(io.cucumber.testng.PickleWrapper,io.cucumber.testng.FeatureWrapper)[pri:0, instance:cucumberOptions.CucumberTestNGRunner@4985cbcb]" started-at="2024-06-07T18:40:31 IST" name="runScenario" description="Runs Cucumber Scenarios" data-provider="scenarios" finished-at="2024-06-07T18:40:47 IST" duration-ms="15409" status="PASS">
          <params>
            <param index="0">
              <value>
                <![CDATA["To validate that user can see all the view flow options on the app"]]>
              </value>
            </param>
            <param index="1">
              <value>
                <![CDATA["View flow sub menu feature"]]>
              </value>
            </param>
          </params>
          <reporter-output>
          </reporter-output>
        </test-method> <!-- runScenario -->
        <test-method signature="runScenario(io.cucumber.testng.PickleWrapper,io.cucumber.testng.FeatureWrapper)[pri:0, instance:cucumberOptions.CucumberTestNGRunner@4985cbcb]" started-at="2024-06-07T18:40:47 IST" name="runScenario" description="Runs Cucumber Scenarios" data-provider="scenarios" finished-at="2024-06-07T18:41:00 IST" duration-ms="12885" status="PASS">
          <params>
            <param index="0">
              <value>
                <![CDATA["To validate that application home page is displayed"]]>
              </value>
            </param>
            <param index="1">
              <value>
                <![CDATA["Application home page"]]>
              </value>
            </param>
          </params>
          <reporter-output>
          </reporter-output>
        </test-method> <!-- runScenario -->
        <test-method signature="runScenario(io.cucumber.testng.PickleWrapper,io.cucumber.testng.FeatureWrapper)[pri:0, instance:cucumberOptions.CucumberTestNGRunner@4985cbcb]" started-at="2024-06-07T18:41:00 IST" name="runScenario" description="Runs Cucumber Scenarios" data-provider="scenarios" finished-at="2024-06-07T18:41:15 IST" duration-ms="15637" status="PASS">
          <params>
            <param index="0">
              <value>
                <![CDATA["To validate that application can be closed"]]>
              </value>
            </param>
            <param index="1">
              <value>
                <![CDATA["Application home page"]]>
              </value>
            </param>
          </params>
          <reporter-output>
          </reporter-output>
        </test-method> <!-- runScenario -->
        <test-method signature="runScenario(io.cucumber.testng.PickleWrapper,io.cucumber.testng.FeatureWrapper)[pri:0, instance:cucumberOptions.CucumberTestNGRunner@4985cbcb]" started-at="2024-06-07T18:41:15 IST" name="runScenario" description="Runs Cucumber Scenarios" data-provider="scenarios" finished-at="2024-06-07T18:41:34 IST" duration-ms="18755" status="PASS">
          <params>
            <param index="0">
              <value>
                <![CDATA["To validate that user can see quickaction menu item"]]>
              </value>
            </param>
            <param index="1">
              <value>
                <![CDATA["Pop up sub menu feature"]]>
              </value>
            </param>
          </params>
          <reporter-output>
          </reporter-output>
        </test-method> <!-- runScenario -->
        <test-method signature="runScenario(io.cucumber.testng.PickleWrapper,io.cucumber.testng.FeatureWrapper)[pri:0, instance:cucumberOptions.CucumberTestNGRunner@4985cbcb]" started-at="2024-06-07T18:41:34 IST" name="runScenario" description="Runs Cucumber Scenarios" data-provider="scenarios" finished-at="2024-06-07T18:41:54 IST" duration-ms="19407" status="PASS">
          <params>
            <param index="0">
              <value>
                <![CDATA["To validate that user can see PopUp menu item"]]>
              </value>
            </param>
            <param index="1">
              <value>
                <![CDATA["Pop up sub menu feature"]]>
              </value>
            </param>
          </params>
          <reporter-output>
          </reporter-output>
        </test-method> <!-- runScenario -->
        <test-method signature="runScenario(io.cucumber.testng.PickleWrapper,io.cucumber.testng.FeatureWrapper)[pri:0, instance:cucumberOptions.CucumberTestNGRunner@4985cbcb]" started-at="2024-06-07T18:41:54 IST" name="runScenario" description="Runs Cucumber Scenarios" data-provider="scenarios" finished-at="2024-06-07T18:42:19 IST" duration-ms="25135" status="PASS">
          <params>
            <param index="0">
              <value>
                <![CDATA["To validate that user can search a country from the list"]]>
              </value>
            </param>
            <param index="1">
              <value>
                <![CDATA["List View sub menu feature"]]>
              </value>
            </param>
          </params>
          <reporter-output>
          </reporter-output>
        </test-method> <!-- runScenario -->
        <test-method signature="runScenario(io.cucumber.testng.PickleWrapper,io.cucumber.testng.FeatureWrapper)[pri:0, instance:cucumberOptions.CucumberTestNGRunner@4985cbcb]" started-at="2024-06-07T18:42:19 IST" name="runScenario" description="Runs Cucumber Scenarios" data-provider="scenarios" finished-at="2024-06-07T18:43:40 IST" duration-ms="81118" status="FAIL">
          <params>
            <param index="0">
              <value>
                <![CDATA["To validate that user can search a country from the list"]]>
              </value>
            </param>
            <param index="1">
              <value>
                <![CDATA["List View sub menu feature"]]>
              </value>
            </param>
          </params>
          <exception class="org.openqa.selenium.NoSuchElementException">
            <message>
              <![CDATA[An element could not be located on the page using the given search parameters.
For documentation on this error, please visit: https://www.selenium.dev/documentation/webdriver/troubleshooting/errors#no-such-element-exception
Build info: version: '4.13.0', revision: 'ba948ece5b*'
System info: os.name: 'Windows 11', os.arch: 'amd64', os.version: '10.0', java.version: '17.0.7'
Driver info: io.appium.java_client.android.AndroidDriver
Command: [f1d52acc-1ae4-4c9c-b92d-05859143d843, findElement {using=xpath, value=//android.widget.TextView[@resource-id="com.boopathy.raja.tutorial:id/listview_seacrh_text"]}]
Capabilities {appium:adbExecTimeout: 60000, appium:app: C:\Users\anilkumar06\eclips..., appium:appActivity: com.boopathy.raja.tutorial...., appium:appPackage: com.boopathy.raja.tutorial, appium:autoGrantPermissions: true, appium:automationName: UiAutomator2, appium:databaseEnabled: false, appium:desired: {adbExecTimeout: 60000, app: C:\Users\anilkumar06\eclips..., appActivity: com.boopathy.raja.tutorial...., appPackage: com.boopathy.raja.tutorial, autoGrantPermissions: true, automationName: UiAutomator2, deviceName: Pixel_2_API_27, fullReset: true, noReset: false, platformName: ANDROID, platformVersion: 8.1 , udid: emulator-5554, uiautomator2ServerInstallTimeout: 60000}, appium:deviceApiLevel: 27, appium:deviceManufacturer: Google, appium:deviceModel: Android SDK built for x86, appium:deviceName: emulator-5554, appium:deviceScreenDensity: 420, appium:deviceScreenSize: 1080x1920, appium:deviceUDID: emulator-5554, appium:fullReset: true, appium:javascriptEnabled: true, appium:locationContextEnabled: false, appium:networkConnectionEnabled: true, appium:noReset: false, appium:pixelRatio: 2.625, appium:platformVersion: 8.1.0, appium:statBarHeight: 63, appium:takesScreenshot: true, appium:udid: emulator-5554, appium:uiautomator2ServerInstallTimeout: 60000, appium:viewportRect: {height: 1857, left: 0, top: 63, width: 1080}, appium:warnings: {}, appium:webStorageEnabled: false, platformName: ANDROID}
Session ID: f1d52acc-1ae4-4c9c-b92d-05859143d843]]>
            </message>
            <full-stacktrace>
              <![CDATA[org.openqa.selenium.NoSuchElementException: An element could not be located on the page using the given search parameters.
For documentation on this error, please visit: https://www.selenium.dev/documentation/webdriver/troubleshooting/errors#no-such-element-exception
Build info: version: '4.13.0', revision: 'ba948ece5b*'
System info: os.name: 'Windows 11', os.arch: 'amd64', os.version: '10.0', java.version: '17.0.7'
Driver info: io.appium.java_client.android.AndroidDriver
Command: [f1d52acc-1ae4-4c9c-b92d-05859143d843, findElement {using=xpath, value=//android.widget.TextView[@resource-id="com.boopathy.raja.tutorial:id/listview_seacrh_text"]}]
Capabilities {appium:adbExecTimeout: 60000, appium:app: C:\Users\anilkumar06\eclips..., appium:appActivity: com.boopathy.raja.tutorial...., appium:appPackage: com.boopathy.raja.tutorial, appium:autoGrantPermissions: true, appium:automationName: UiAutomator2, appium:databaseEnabled: false, appium:desired: {adbExecTimeout: 60000, app: C:\Users\anilkumar06\eclips..., appActivity: com.boopathy.raja.tutorial...., appPackage: com.boopathy.raja.tutorial, autoGrantPermissions: true, automationName: UiAutomator2, deviceName: Pixel_2_API_27, fullReset: true, noReset: false, platformName: ANDROID, platformVersion: 8.1 , udid: emulator-5554, uiautomator2ServerInstallTimeout: 60000}, appium:deviceApiLevel: 27, appium:deviceManufacturer: Google, appium:deviceModel: Android SDK built for x86, appium:deviceName: emulator-5554, appium:deviceScreenDensity: 420, appium:deviceScreenSize: 1080x1920, appium:deviceUDID: emulator-5554, appium:fullReset: true, appium:javascriptEnabled: true, appium:locationContextEnabled: false, appium:networkConnectionEnabled: true, appium:noReset: false, appium:pixelRatio: 2.625, appium:platformVersion: 8.1.0, appium:statBarHeight: 63, appium:takesScreenshot: true, appium:udid: emulator-5554, appium:uiautomator2ServerInstallTimeout: 60000, appium:viewportRect: {height: 1857, left: 0, top: 63, width: 1080}, appium:warnings: {}, appium:webStorageEnabled: false, platformName: ANDROID}
Session ID: f1d52acc-1ae4-4c9c-b92d-05859143d843
at java.base/jdk.internal.reflect.NativeConstructorAccessorImpl.newInstance0(Native Method)
at java.base/jdk.internal.reflect.NativeConstructorAccessorImpl.newInstance(NativeConstructorAccessorImpl.java:77)
at java.base/jdk.internal.reflect.DelegatingConstructorAccessorImpl.newInstance(DelegatingConstructorAccessorImpl.java:45)
at java.base/java.lang.reflect.Constructor.newInstanceWithCaller(Constructor.java:499)
at java.base/java.lang.reflect.Constructor.newInstance(Constructor.java:480)
at org.openqa.selenium.remote.codec.w3c.W3CHttpResponseCodec.createException(W3CHttpResponseCodec.java:200)
at org.openqa.selenium.remote.codec.w3c.W3CHttpResponseCodec.decode(W3CHttpResponseCodec.java:133)
at org.openqa.selenium.remote.codec.w3c.W3CHttpResponseCodec.decode(W3CHttpResponseCodec.java:52)
at org.openqa.selenium.remote.HttpCommandExecutor.execute(HttpCommandExecutor.java:191)
at io.appium.java_client.remote.AppiumCommandExecutor.execute(AppiumCommandExecutor.java:250)
at org.openqa.selenium.remote.RemoteWebDriver.execute(RemoteWebDriver.java:602)
at org.openqa.selenium.remote.ElementLocation$ElementFinder$2.findElement(ElementLocation.java:165)
at org.openqa.selenium.remote.ElementLocation.findElement(ElementLocation.java:59)
at org.openqa.selenium.remote.RemoteWebDriver.findElement(RemoteWebDriver.java:359)
at org.openqa.selenium.remote.RemoteWebDriver.findElement(RemoteWebDriver.java:353)
at org.openqa.selenium.support.pagefactory.DefaultElementLocator.findElement(DefaultElementLocator.java:68)
at org.openqa.selenium.support.pagefactory.internal.LocatingElementHandler.invoke(LocatingElementHandler.java:38)
at jdk.proxy2/jdk.proxy2.$Proxy45.getText(Unknown Source)
at com.nagarro.nagp.appium.pages.ListViewPage.isAbleToSearchCountry(ListViewPage.java:83)
at StepDefinations.StepDefinations.searchACountry(StepDefinations.java:77)
at ✽.User can search the county "Canada12" in the list(file:///C:/Users/anilkumar06/eclipse-workspace/com.nagarro.nagp.appium.android/src/test/resources/features/Search%20Country%20List%20View%20Page.feature:6)
]]>
            </full-stacktrace>
          </exception> <!-- org.openqa.selenium.NoSuchElementException -->
          <reporter-output>
          </reporter-output>
        </test-method> <!-- runScenario -->
        <test-method is-config="true" signature="tearDown()[pri:0, instance:cucumberOptions.CucumberTestNGRunner@4985cbcb]" started-at="2024-06-07T18:43:40 IST" name="tearDown" finished-at="2024-06-07T18:43:40 IST" duration-ms="0" status="PASS">
          <reporter-output>
          </reporter-output>
        </test-method> <!-- tearDown -->
        <test-method is-config="true" signature="tearDownClass()[pri:0, instance:cucumberOptions.CucumberTestNGRunner@4985cbcb]" started-at="2024-06-07T18:43:40 IST" name="tearDownClass" finished-at="2024-06-07T18:43:42 IST" duration-ms="2568" status="PASS">
          <reporter-output>
          </reporter-output>
        </test-method> <!-- tearDownClass -->
      </class> <!-- cucumberOptions.CucumberTestNGRunner -->
    </test> <!-- Test1 -->
  </suite> <!-- Suite -->
</testng-results>
