<?xml version="1.0" encoding="UTF-8"?>
<!-- Generated by org.testng.reporters.JUnitReportReporter -->
<testsuite hostname="IN-3SJWDK3" failures="0" tests="8" name="cucumberOptions.CucumberTestNGRunner" time="253.595" errors="1" timestamp="2024-06-07T18:43:43 IST" skipped="0">
  <testcase classname="cucumberOptions.CucumberTestNGRunner" name="runScenario" time="19.407"/>
  <system-out/>
  <testcase classname="cucumberOptions.CucumberTestNGRunner" name="runScenario" time="15.409"/>
  <system-out/>
  <testcase classname="cucumberOptions.CucumberTestNGRunner" name="runScenario" time="18.755"/>
  <system-out/>
  <testcase classname="cucumberOptions.CucumberTestNGRunner" name="runScenario" time="81.118">
    <error message="An element could not be located on the page using the given search parameters.
For documentation on this error, please visit: https://www.selenium.dev/documentation/webdriver/troubleshooting/errors#no-such-element-exception
Build info: version: &#039;4.13.0&#039;, revision: &#039;ba948ece5b*&#039;
System info: os.name: &#039;Windows 11&#039;, os.arch: &#039;amd64&#039;, os.version: &#039;10.0&#039;, java.version: &#039;17.0.7&#039;
Driver info: io.appium.java_client.android.AndroidDriver
Command: [f1d52acc-1ae4-4c9c-b92d-05859143d843, findElement {using=xpath, value=//android.widget.TextView[@resource-id=&quot;com.boopathy.raja.tutorial:id/listview_seacrh_text&quot;]}]
Capabilities {appium:adbExecTimeout: 60000, appium:app: C:\Users\anilkumar06\eclips..., appium:appActivity: com.boopathy.raja.tutorial...., appium:appPackage: com.boopathy.raja.tutorial, appium:autoGrantPermissions: true, appium:automationName: UiAutomator2, appium:databaseEnabled: false, appium:desired: {adbExecTimeout: 60000, app: C:\Users\anilkumar06\eclips..., appActivity: com.boopathy.raja.tutorial...., appPackage: com.boopathy.raja.tutorial, autoGrantPermissions: true, automationName: UiAutomator2, deviceName: Pixel_2_API_27, fullReset: true, noReset: false, platformName: ANDROID, platformVersion: 8.1 , udid: emulator-5554, uiautomator2ServerInstallTimeout: 60000}, appium:deviceApiLevel: 27, appium:deviceManufacturer: Google, appium:deviceModel: Android SDK built for x86, appium:deviceName: emulator-5554, appium:deviceScreenDensity: 420, appium:deviceScreenSize: 1080x1920, appium:deviceUDID: emulator-5554, appium:fullReset: true, appium:javascriptEnabled: true, appium:locationContextEnabled: false, appium:networkConnectionEnabled: true, appium:noReset: false, appium:pixelRatio: 2.625, appium:platformVersion: 8.1.0, appium:statBarHeight: 63, appium:takesScreenshot: true, appium:udid: emulator-5554, appium:uiautomator2ServerInstallTimeout: 60000, appium:viewportRect: {height: 1857, left: 0, top: 63, width: 1080}, appium:warnings: {}, appium:webStorageEnabled: false, platformName: ANDROID}
Session ID: f1d52acc-1ae4-4c9c-b92d-05859143d843" type="org.openqa.selenium.NoSuchElementException">
      <![CDATA[org.openqa.selenium.NoSuchElementException: An element could not be located on the page using the given search parameters.
For documentation on this error, please visit: https://www.selenium.dev/documentation/webdriver/troubleshooting/errors#no-such-element-exception
Build info: version: '4.13.0', revision: 'ba948ece5b*'
System info: os.name: 'Windows 11', os.arch: 'amd64', os.version: '10.0', java.version: '17.0.7'
Driver info: io.appium.java_client.android.AndroidDriver
Command: [f1d52acc-1ae4-4c9c-b92d-05859143d843, findElement {using=xpath, value=//android.widget.TextView[@resource-id="com.boopathy.raja.tutorial:id/listview_seacrh_text"]}]
Capabilities {appium:adbExecTimeout: 60000, appium:app: C:\Users\anilkumar06\eclips..., appium:appActivity: com.boopathy.raja.tutorial...., appium:appPackage: com.boopathy.raja.tutorial, appium:autoGrantPermissions: true, appium:automationName: UiAutomator2, appium:databaseEnabled: false, appium:desired: {adbExecTimeout: 60000, app: C:\Users\anilkumar06\eclips..., appActivity: com.boopathy.raja.tutorial...., appPackage: com.boopathy.raja.tutorial, autoGrantPermissions: true, automationName: UiAutomator2, deviceName: Pixel_2_API_27, fullReset: true, noReset: false, platformName: ANDROID, platformVersion: 8.1 , udid: emulator-5554, uiautomator2ServerInstallTimeout: 60000}, appium:deviceApiLevel: 27, appium:deviceManufacturer: Google, appium:deviceModel: Android SDK built for x86, appium:deviceName: emulator-5554, appium:deviceScreenDensity: 420, appium:deviceScreenSize: 1080x1920, appium:deviceUDID: emulator-5554, appium:fullReset: true, appium:javascriptEnabled: true, appium:locationContextEnabled: false, appium:networkConnectionEnabled: true, appium:noReset: false, appium:pixelRatio: 2.625, appium:platformVersion: 8.1.0, appium:statBarHeight: 63, appium:takesScreenshot: true, appium:udid: emulator-5554, appium:uiautomator2ServerInstallTimeout: 60000, appium:viewportRect: {height: 1857, left: 0, top: 63, width: 1080}, appium:warnings: {}, appium:webStorageEnabled: false, platformName: ANDROID}
Session ID: f1d52acc-1ae4-4c9c-b92d-05859143d843
at java.base/jdk.internal.reflect.NativeConstructorAccessorImpl.newInstance0(Native Method)
at java.base/jdk.internal.reflect.NativeConstructorAccessorImpl.newInstance(NativeConstructorAccessorImpl.java:77)
at java.base/jdk.internal.reflect.DelegatingConstructorAccessorImpl.newInstance(DelegatingConstructorAccessorImpl.java:45)
at java.base/java.lang.reflect.Constructor.newInstanceWithCaller(Constructor.java:499)
at java.base/java.lang.reflect.Constructor.newInstance(Constructor.java:480)
at org.openqa.selenium.remote.codec.w3c.W3CHttpResponseCodec.createException(W3CHttpResponseCodec.java:200)
at org.openqa.selenium.remote.codec.w3c.W3CHttpResponseCodec.decode(W3CHttpResponseCodec.java:133)
at org.openqa.selenium.remote.codec.w3c.W3CHttpResponseCodec.decode(W3CHttpResponseCodec.java:52)
at org.openqa.selenium.remote.HttpCommandExecutor.execute(HttpCommandExecutor.java:191)
at io.appium.java_client.remote.AppiumCommandExecutor.execute(AppiumCommandExecutor.java:250)
at org.openqa.selenium.remote.RemoteWebDriver.execute(RemoteWebDriver.java:602)
at org.openqa.selenium.remote.ElementLocation$ElementFinder$2.findElement(ElementLocation.java:165)
at org.openqa.selenium.remote.ElementLocation.findElement(ElementLocation.java:59)
at org.openqa.selenium.remote.RemoteWebDriver.findElement(RemoteWebDriver.java:359)
at org.openqa.selenium.remote.RemoteWebDriver.findElement(RemoteWebDriver.java:353)
at org.openqa.selenium.support.pagefactory.DefaultElementLocator.findElement(DefaultElementLocator.java:68)
at org.openqa.selenium.support.pagefactory.internal.LocatingElementHandler.invoke(LocatingElementHandler.java:38)
at jdk.proxy2/jdk.proxy2.$Proxy45.getText(Unknown Source)
at com.nagarro.nagp.appium.pages.ListViewPage.isAbleToSearchCountry(ListViewPage.java:83)
at StepDefinations.StepDefinations.searchACountry(StepDefinations.java:77)
at ✽.User can search the county "Canada12" in the list(file:///C:/Users/anilkumar06/eclipse-workspace/com.nagarro.nagp.appium.android/src/test/resources/features/Search%20Country%20List%20View%20Page.feature:6)
]]>
    </error>
  </testcase> <!-- runScenario -->
  <system-out/>
  <testcase classname="cucumberOptions.CucumberTestNGRunner" name="runScenario" time="25.135"/>
  <system-out/>
  <testcase classname="cucumberOptions.CucumberTestNGRunner" name="runScenario" time="15.637"/>
  <system-out/>
  <testcase classname="cucumberOptions.CucumberTestNGRunner" name="runScenario" time="65.249"/>
  <system-out/>
  <testcase classname="cucumberOptions.CucumberTestNGRunner" name="runScenario" time="12.885"/>
  <system-out/>
</testsuite> <!-- cucumberOptions.CucumberTestNGRunner -->
